c:\users\asus pc\documents\github\dreaminengine_2.0\bin\x86\debug\tmp\vc141.pdb
c:\users\asus pc\documents\github\dreaminengine_2.0\bin\x86\debug\tmp\vc141.idb
c:\users\asus pc\documents\github\dreaminengine_2.0\bin\x86\debug\tmp\b2contactmanager.obj
c:\users\asus pc\documents\github\dreaminengine_2.0\bin\x86\debug\tmp\b2body.obj
c:\users\asus pc\documents\github\dreaminengine_2.0\bin\x86\debug\tmp\b2timer.obj
c:\users\asus pc\documents\github\dreaminengine_2.0\bin\x86\debug\tmp\b2stackallocator.obj
c:\users\asus pc\documents\github\dreaminengine_2.0\bin\x86\debug\tmp\b2settings.obj
c:\users\asus pc\documents\github\dreaminengine_2.0\bin\x86\debug\tmp\b2math.obj
c:\users\asus pc\documents\github\dreaminengine_2.0\bin\x86\debug\tmp\b2draw.obj
c:\users\asus pc\documents\github\dreaminengine_2.0\bin\x86\debug\tmp\b2blockallocator.obj
c:\users\asus pc\documents\github\dreaminengine_2.0\bin\x86\debug\tmp\b2polygonshape.obj
c:\users\asus pc\documents\github\dreaminengine_2.0\bin\x86\debug\tmp\b2edgeshape.obj
c:\users\asus pc\documents\github\dreaminengine_2.0\bin\x86\debug\tmp\b2circleshape.obj
c:\users\asus pc\documents\github\dreaminengine_2.0\bin\x86\debug\tmp\b2chainshape.obj
c:\users\asus pc\documents\github\dreaminengine_2.0\bin\x86\debug\tmp\b2timeofimpact.obj
c:\users\asus pc\documents\github\dreaminengine_2.0\bin\x86\debug\tmp\b2dynamictree.obj
c:\users\asus pc\documents\github\dreaminengine_2.0\bin\x86\debug\tmp\b2distance.obj
c:\users\asus pc\documents\github\dreaminengine_2.0\bin\x86\debug\tmp\b2collision.obj
c:\users\asus pc\documents\github\dreaminengine_2.0\bin\x86\debug\tmp\b2collidepolygon.obj
c:\users\asus pc\documents\github\dreaminengine_2.0\bin\x86\debug\tmp\b2collideedge.obj
c:\users\asus pc\documents\github\dreaminengine_2.0\bin\x86\debug\tmp\b2collidecircle.obj
c:\users\asus pc\documents\github\dreaminengine_2.0\bin\x86\debug\tmp\b2broadphase.obj
c:\users\asus pc\documents\github\dreaminengine_2.0\bin\x86\debug\tmp\b2prismaticjoint.obj
c:\users\asus pc\documents\github\dreaminengine_2.0\bin\x86\debug\tmp\b2mousejoint.obj
c:\users\asus pc\documents\github\dreaminengine_2.0\bin\x86\debug\tmp\b2motorjoint.obj
c:\users\asus pc\documents\github\dreaminengine_2.0\bin\x86\debug\tmp\b2joint.obj
c:\users\asus pc\documents\github\dreaminengine_2.0\bin\x86\debug\tmp\b2gearjoint.obj
c:\users\asus pc\documents\github\dreaminengine_2.0\bin\x86\debug\tmp\b2frictionjoint.obj
c:\users\asus pc\documents\github\dreaminengine_2.0\bin\x86\debug\tmp\b2distancejoint.obj
c:\users\asus pc\documents\github\dreaminengine_2.0\bin\x86\debug\tmp\b2polygoncontact.obj
c:\users\asus pc\documents\github\dreaminengine_2.0\bin\x86\debug\tmp\b2polygonandcirclecontact.obj
c:\users\asus pc\documents\github\dreaminengine_2.0\bin\x86\debug\tmp\b2edgeandpolygoncontact.obj
c:\users\asus pc\documents\github\dreaminengine_2.0\bin\x86\debug\tmp\b2edgeandcirclecontact.obj
c:\users\asus pc\documents\github\dreaminengine_2.0\bin\x86\debug\tmp\b2contactsolver.obj
c:\users\asus pc\documents\github\dreaminengine_2.0\bin\x86\debug\tmp\b2contact.obj
c:\users\asus pc\documents\github\dreaminengine_2.0\bin\x86\debug\tmp\b2circlecontact.obj
c:\users\asus pc\documents\github\dreaminengine_2.0\bin\x86\debug\tmp\b2chainandpolygoncontact.obj
c:\users\asus pc\documents\github\dreaminengine_2.0\bin\x86\debug\tmp\b2chainandcirclecontact.obj
c:\users\asus pc\documents\github\dreaminengine_2.0\bin\x86\debug\tmp\b2worldcallbacks.obj
c:\users\asus pc\documents\github\dreaminengine_2.0\bin\x86\debug\tmp\b2world.obj
c:\users\asus pc\documents\github\dreaminengine_2.0\bin\x86\debug\tmp\b2island.obj
c:\users\asus pc\documents\github\dreaminengine_2.0\bin\x86\debug\tmp\b2fixture.obj
c:\users\asus pc\documents\github\dreaminengine_2.0\bin\x86\debug\tmp\resourcemanager.obj
c:\users\asus pc\documents\github\dreaminengine_2.0\bin\x86\debug\tmp\imguihud.obj
c:\users\asus pc\documents\github\dreaminengine_2.0\bin\x86\debug\tmp\glfwenvironment.obj
c:\users\asus pc\documents\github\dreaminengine_2.0\bin\x86\debug\tmp\texture.obj
c:\users\asus pc\documents\github\dreaminengine_2.0\bin\x86\debug\tmp\sprite.obj
c:\users\asus pc\documents\github\dreaminengine_2.0\bin\x86\debug\tmp\shader.obj
c:\users\asus pc\documents\github\dreaminengine_2.0\bin\x86\debug\tmp\boxphysics.obj
c:\users\asus pc\documents\github\dreaminengine_2.0\bin\x86\debug\tmp\main.obj
c:\users\asus pc\documents\github\dreaminengine_2.0\bin\x86\debug\tmp\imgui_widgets.obj
c:\users\asus pc\documents\github\dreaminengine_2.0\bin\x86\debug\tmp\imgui_impl_opengl3.obj
c:\users\asus pc\documents\github\dreaminengine_2.0\bin\x86\debug\tmp\imgui_impl_glfw.obj
c:\users\asus pc\documents\github\dreaminengine_2.0\bin\x86\debug\tmp\imgui_draw.obj
c:\users\asus pc\documents\github\dreaminengine_2.0\bin\x86\debug\tmp\imgui_demo.obj
c:\users\asus pc\documents\github\dreaminengine_2.0\bin\x86\debug\tmp\imgui.obj
c:\users\asus pc\documents\github\dreaminengine_2.0\bin\x86\debug\tmp\b2rope.obj
c:\users\asus pc\documents\github\dreaminengine_2.0\bin\x86\debug\tmp\b2wheeljoint.obj
c:\users\asus pc\documents\github\dreaminengine_2.0\bin\x86\debug\tmp\b2weldjoint.obj
c:\users\asus pc\documents\github\dreaminengine_2.0\bin\x86\debug\tmp\b2ropejoint.obj
c:\users\asus pc\documents\github\dreaminengine_2.0\bin\x86\debug\tmp\b2revolutejoint.obj
c:\users\asus pc\documents\github\dreaminengine_2.0\bin\x86\debug\tmp\b2pulleyjoint.obj
c:\users\asus pc\documents\github\dreaminengine_2.0\bin\x86\debug\tmp\system.obj
c:\users\asus pc\documents\github\dreaminengine_2.0\bin\x86\debug\tmp\playercontrol.obj
c:\users\asus pc\documents\github\dreaminengine_2.0\bin\x86\debug\tmp\boxphysicssystem.obj
c:\users\asus pc\documents\github\dreaminengine_2.0\bin\x86\debug\tmp\spriterenderer.obj
c:\users\asus pc\documents\github\dreaminengine_2.0\bin\x86\debug\tmp\scenemanager.obj
c:\users\asus pc\documents\github\dreaminengine_2.0\bin\x86\debug\tmp\scene.obj
c:\users\asus pc\documents\github\dreaminengine_2.0\bin\x86\debug\dreaminengine.exe
c:\users\asus pc\documents\github\dreaminengine_2.0\bin\x86\debug\dreaminengine.ilk
c:\users\asus pc\documents\github\dreaminengine_2.0\bin\x86\debug\dreaminengine.pdb
c:\users\spark\desktop\apps\cppprojects\dreaminengine_2.0\bin\x86\debug\tmp\b2blockallocator.obj
c:\users\spark\desktop\apps\cppprojects\dreaminengine_2.0\bin\x86\debug\tmp\b2body.obj
c:\users\spark\desktop\apps\cppprojects\dreaminengine_2.0\bin\x86\debug\tmp\b2broadphase.obj
c:\users\spark\desktop\apps\cppprojects\dreaminengine_2.0\bin\x86\debug\tmp\b2chainandcirclecontact.obj
c:\users\spark\desktop\apps\cppprojects\dreaminengine_2.0\bin\x86\debug\tmp\b2chainandpolygoncontact.obj
c:\users\spark\desktop\apps\cppprojects\dreaminengine_2.0\bin\x86\debug\tmp\b2chainshape.obj
c:\users\spark\desktop\apps\cppprojects\dreaminengine_2.0\bin\x86\debug\tmp\b2circlecontact.obj
c:\users\spark\desktop\apps\cppprojects\dreaminengine_2.0\bin\x86\debug\tmp\b2circleshape.obj
c:\users\spark\desktop\apps\cppprojects\dreaminengine_2.0\bin\x86\debug\tmp\b2collidecircle.obj
c:\users\spark\desktop\apps\cppprojects\dreaminengine_2.0\bin\x86\debug\tmp\b2collideedge.obj
c:\users\spark\desktop\apps\cppprojects\dreaminengine_2.0\bin\x86\debug\tmp\b2collidepolygon.obj
c:\users\spark\desktop\apps\cppprojects\dreaminengine_2.0\bin\x86\debug\tmp\b2collision.obj
c:\users\spark\desktop\apps\cppprojects\dreaminengine_2.0\bin\x86\debug\tmp\b2contact.obj
c:\users\spark\desktop\apps\cppprojects\dreaminengine_2.0\bin\x86\debug\tmp\b2contactmanager.obj
c:\users\spark\desktop\apps\cppprojects\dreaminengine_2.0\bin\x86\debug\tmp\b2contactsolver.obj
c:\users\spark\desktop\apps\cppprojects\dreaminengine_2.0\bin\x86\debug\tmp\b2distance.obj
c:\users\spark\desktop\apps\cppprojects\dreaminengine_2.0\bin\x86\debug\tmp\b2distancejoint.obj
c:\users\spark\desktop\apps\cppprojects\dreaminengine_2.0\bin\x86\debug\tmp\b2draw.obj
c:\users\spark\desktop\apps\cppprojects\dreaminengine_2.0\bin\x86\debug\tmp\b2dynamictree.obj
c:\users\spark\desktop\apps\cppprojects\dreaminengine_2.0\bin\x86\debug\tmp\b2edgeandcirclecontact.obj
c:\users\spark\desktop\apps\cppprojects\dreaminengine_2.0\bin\x86\debug\tmp\b2edgeandpolygoncontact.obj
c:\users\spark\desktop\apps\cppprojects\dreaminengine_2.0\bin\x86\debug\tmp\b2edgeshape.obj
c:\users\spark\desktop\apps\cppprojects\dreaminengine_2.0\bin\x86\debug\tmp\b2fixture.obj
c:\users\spark\desktop\apps\cppprojects\dreaminengine_2.0\bin\x86\debug\tmp\b2frictionjoint.obj
c:\users\spark\desktop\apps\cppprojects\dreaminengine_2.0\bin\x86\debug\tmp\b2gearjoint.obj
c:\users\spark\desktop\apps\cppprojects\dreaminengine_2.0\bin\x86\debug\tmp\b2island.obj
c:\users\spark\desktop\apps\cppprojects\dreaminengine_2.0\bin\x86\debug\tmp\b2joint.obj
c:\users\spark\desktop\apps\cppprojects\dreaminengine_2.0\bin\x86\debug\tmp\b2math.obj
c:\users\spark\desktop\apps\cppprojects\dreaminengine_2.0\bin\x86\debug\tmp\b2motorjoint.obj
c:\users\spark\desktop\apps\cppprojects\dreaminengine_2.0\bin\x86\debug\tmp\b2mousejoint.obj
c:\users\spark\desktop\apps\cppprojects\dreaminengine_2.0\bin\x86\debug\tmp\b2polygonandcirclecontact.obj
c:\users\spark\desktop\apps\cppprojects\dreaminengine_2.0\bin\x86\debug\tmp\b2polygoncontact.obj
c:\users\spark\desktop\apps\cppprojects\dreaminengine_2.0\bin\x86\debug\tmp\b2polygonshape.obj
c:\users\spark\desktop\apps\cppprojects\dreaminengine_2.0\bin\x86\debug\tmp\b2prismaticjoint.obj
c:\users\spark\desktop\apps\cppprojects\dreaminengine_2.0\bin\x86\debug\tmp\b2pulleyjoint.obj
c:\users\spark\desktop\apps\cppprojects\dreaminengine_2.0\bin\x86\debug\tmp\b2revolutejoint.obj
c:\users\spark\desktop\apps\cppprojects\dreaminengine_2.0\bin\x86\debug\tmp\b2rope.obj
c:\users\spark\desktop\apps\cppprojects\dreaminengine_2.0\bin\x86\debug\tmp\b2ropejoint.obj
c:\users\spark\desktop\apps\cppprojects\dreaminengine_2.0\bin\x86\debug\tmp\b2settings.obj
c:\users\spark\desktop\apps\cppprojects\dreaminengine_2.0\bin\x86\debug\tmp\b2stackallocator.obj
c:\users\spark\desktop\apps\cppprojects\dreaminengine_2.0\bin\x86\debug\tmp\b2timeofimpact.obj
c:\users\spark\desktop\apps\cppprojects\dreaminengine_2.0\bin\x86\debug\tmp\b2timer.obj
c:\users\spark\desktop\apps\cppprojects\dreaminengine_2.0\bin\x86\debug\tmp\b2weldjoint.obj
c:\users\spark\desktop\apps\cppprojects\dreaminengine_2.0\bin\x86\debug\tmp\b2wheeljoint.obj
c:\users\spark\desktop\apps\cppprojects\dreaminengine_2.0\bin\x86\debug\tmp\b2world.obj
c:\users\spark\desktop\apps\cppprojects\dreaminengine_2.0\bin\x86\debug\tmp\b2worldcallbacks.obj
c:\users\spark\desktop\apps\cppprojects\dreaminengine_2.0\bin\x86\debug\tmp\boxphysics.obj
c:\users\spark\desktop\apps\cppprojects\dreaminengine_2.0\bin\x86\debug\tmp\boxphysicssystem.obj
c:\users\spark\desktop\apps\cppprojects\dreaminengine_2.0\bin\x86\debug\tmp\glfwenvironment.obj
c:\users\spark\desktop\apps\cppprojects\dreaminengine_2.0\bin\x86\debug\tmp\imgui.obj
c:\users\spark\desktop\apps\cppprojects\dreaminengine_2.0\bin\x86\debug\tmp\imguihud.obj
c:\users\spark\desktop\apps\cppprojects\dreaminengine_2.0\bin\x86\debug\tmp\imgui_demo.obj
c:\users\spark\desktop\apps\cppprojects\dreaminengine_2.0\bin\x86\debug\tmp\imgui_draw.obj
c:\users\spark\desktop\apps\cppprojects\dreaminengine_2.0\bin\x86\debug\tmp\imgui_impl_glfw.obj
c:\users\spark\desktop\apps\cppprojects\dreaminengine_2.0\bin\x86\debug\tmp\imgui_impl_opengl3.obj
c:\users\spark\desktop\apps\cppprojects\dreaminengine_2.0\bin\x86\debug\tmp\imgui_widgets.obj
c:\users\spark\desktop\apps\cppprojects\dreaminengine_2.0\bin\x86\debug\tmp\main.obj
c:\users\spark\desktop\apps\cppprojects\dreaminengine_2.0\bin\x86\debug\tmp\playercontrol.obj
c:\users\spark\desktop\apps\cppprojects\dreaminengine_2.0\bin\x86\debug\tmp\resourcemanager.obj
c:\users\spark\desktop\apps\cppprojects\dreaminengine_2.0\bin\x86\debug\tmp\scene.obj
c:\users\spark\desktop\apps\cppprojects\dreaminengine_2.0\bin\x86\debug\tmp\scenemanager.obj
c:\users\spark\desktop\apps\cppprojects\dreaminengine_2.0\bin\x86\debug\tmp\shader.obj
c:\users\spark\desktop\apps\cppprojects\dreaminengine_2.0\bin\x86\debug\tmp\sprite.obj
c:\users\spark\desktop\apps\cppprojects\dreaminengine_2.0\bin\x86\debug\tmp\spriterenderer.obj
c:\users\spark\desktop\apps\cppprojects\dreaminengine_2.0\bin\x86\debug\tmp\system.obj
c:\users\spark\desktop\apps\cppprojects\dreaminengine_2.0\bin\x86\debug\tmp\texture.obj
c:\users\spark\desktop\apps\cppprojects\dreaminengine_2.0\bin\x86\debug\tmp\vc141.idb
c:\users\spark\desktop\apps\cppprojects\dreaminengine_2.0\bin\x86\debug\tmp\vc141.pdb
c:\users\spark\desktop\apps\cppprojects\dreaminengine_2.0\bin\x86\debug\dreaminengine.pdb
c:\users\spark\desktop\apps\cppprojects\dreaminengine_2.0\bin\x86\debug\dreaminengine.exe
c:\users\spark\desktop\apps\cppprojects\dreaminengine_2.0\bin\x86\debug\dreaminengine.ilk
c:\users\spark\desktop\apps\cppprojects\dreaminengine_2.0\bin\x86\debug\tmp\dreaminengine.tlog\cl.command.1.tlog
c:\users\spark\desktop\apps\cppprojects\dreaminengine_2.0\bin\x86\debug\tmp\dreaminengine.tlog\cl.read.1.tlog
c:\users\spark\desktop\apps\cppprojects\dreaminengine_2.0\bin\x86\debug\tmp\dreaminengine.tlog\cl.write.1.tlog
c:\users\spark\desktop\apps\cppprojects\dreaminengine_2.0\bin\x86\debug\tmp\dreaminengine.tlog\link.command.1.tlog
c:\users\spark\desktop\apps\cppprojects\dreaminengine_2.0\bin\x86\debug\tmp\dreaminengine.tlog\link.read.1.tlog
c:\users\spark\desktop\apps\cppprojects\dreaminengine_2.0\bin\x86\debug\tmp\dreaminengine.tlog\link.write.1.tlog
